Simulation Initialized
MEDIATOR: Tablero
V V M M 
V V M M 
M M V V 
M M V V 
MEDIATOR: Tablero
V V M M 
V M M M 
M M M V 
M M V V 
MEDIATOR: Tablero
V V M M 
V V M M 
M M V V 
M M V V 
MEDIATOR: Tablero
V V M M 
V M M M 
M M M V 
M M V V 
MEDIATOR: Tablero
V V M M 
V V M M 
M M V V 
M M V V 
MEDIATOR: Tablero
V V M M 
V M M M 
M M M V 
M M V V 
MEDIATOR: Tablero
V V M M 
V V M M 
M M V V 
M M V V 
MEDIATOR: Tablero
V V M M 
V M M M 
M M M V 
M M V V 
MEDIATOR: Tablero
V V M M 
V V M M 
M M V V 
M M V V 
MEDIATOR: Tablero
V V M M 
V M M M 
M M M V 
M M V V 
MEDIATOR: Tablero
V V M M 
V V M M 
M M V V 
M M V V 
MEDIATOR: Tablero
V V M M 
V M M M 
M M M V 
M M V V 
MEDIATOR: Tablero
V V M M 
V V M M 
M M V V 
M M V V 
MEDIATOR: Tablero
V V M M 
V M M M 
M M M V 
M M V V 
MEDIATOR: Tablero
V V M M 
V V M M 
M M V V 
M M V V 
MEDIATOR: Tablero
V V M M 
V M M M 
M M M V 
M M V V 
MEDIATOR: Tablero
V V M M 
V V M M 
M M V V 
M M V V 
MEDIATOR: Tablero
V V M M 
V M M M 
M M M V 
M M V V 
MEDIATOR: Tablero
V V M M 
V V M M 
M M V V 
M M V V 
MEDIATOR: Tablero
V V M M 
V M M M 
M M M V 
M M V V 
MEDIATOR: Tablero
V V M M 
V V M M 
M M V V 
M M V V 
MEDIATOR: Tablero
V V M M 
V M M M 
M M M V 
M M V V 
MEDIATOR: Tablero
V V M M 
V V M M 
M M V V 
M M V V 
MEDIATOR: Tablero
V V M M 
V M M M 
M M M V 
M M V V 
MEDIATOR: Tablero
V V M M 
V V M M 
M M V V 
M M V V 
MEDIATOR: Tablero
V V M M 
V M M M 
M M M V 
M M V V 
MEDIATOR: Tablero
V V M M 
V V M M 
M M V V 
M M V V 
MEDIATOR: Tablero
V V M M 
V M M M 
M M M V 
M M V V 
MEDIATOR: Tablero
V V M M 
V V M M 
M M V V 
M M V V 
MEDIATOR: Tablero
V V M M 
V M M M 
M M M V 
M M V V 
MEDIATOR: Tablero
V V M M 
V V M M 
M M V V 
M M V V 
MEDIATOR: Tablero
V V M M 
V M M M 
M M M V 
M M V V 
MEDIATOR: Tablero
V V M M 
V V M M 
M M V V 
M M V V 
MEDIATOR: Tablero
V V M M 
V M M M 
M M M V 
M M V V 
MEDIATOR: Tablero
V V M M 
V V M M 
M M V V 
M M V V 
MEDIATOR: Tablero
V V M M 
V M M M 
M M M V 
M M V V 
MEDIATOR: Tablero
V V M M 
V V M M 
M M V V 
M M V V 
MEDIATOR: Tablero
V V M M 
V M M M 
M M M V 
M M V V 
MEDIATOR: Tablero
V V M M 
V V M M 
M M V V 
M M V V 
MEDIATOR: Tablero
V V M M 
V M M M 
M M M V 
M M V V 
MEDIATOR: Tablero
V V M M 
V V M M 
M M V V 
M M V V 
MEDIATOR: Tablero
V V M M 
V M M M 
M M M V 
M M V V 
MEDIATOR: Tablero
V V M M 
V V M M 
M M V V 
M M V V 
MEDIATOR: Tablero
V V M M 
V M M M 
M M M V 
M M V V 
MEDIATOR: Tablero
V V M M 
V V M M 
M M V V 
M M V V 
MEDIATOR: Tablero
V V M M 
V M M M 
M M M V 
M M V V 
MEDIATOR: Tablero
V V M M 
V V M M 
M M V V 
M M V V 
MEDIATOR: Tablero
V V M M 
V M M M 
M M M V 
M M V V 
MEDIATOR: Tablero
V V M M 
V V M M 
M M V V 
M M V V 
MEDIATOR: Tablero
V V M M 
V M M M 
M M M V 
M M V V 
Simulation Ended (0.00298 sec)
