Simulation Initialized
MEDIATOR: Tablero
M M M M M 
M M M V M 
M V M V M 
M M V V M 
M M M M M 
MEDIATOR: Tablero
M M M M M 
M M V M M 
M M M V V 
M M V V M 
M M M M M 
MEDIATOR: Tablero
M M M M M 
M M M V M 
M M M M V 
M M V V V 
M M M M M 
MEDIATOR: Tablero
M M M M M 
M M M M M 
M M V M V 
M M M V V 
M M M V M 
MEDIATOR: Tablero
M M M M M 
M M M M M 
M M M M V 
M M V M V 
M M M V V 
MEDIATOR: Tablero
M M M M M 
M M M M M 
M M M V M 
M M M M V 
M M M V V 
MEDIATOR: Tablero
M M M M M 
M M M M M 
M M M M M 
M M M M V 
M M M V V 
MEDIATOR: Tablero
M M M M M 
M M M M M 
M M M M M 
M M M V V 
M M M V V 
MEDIATOR: Tablero
M M M M M 
M M M M M 
M M M M M 
M M M V V 
M M M V V 
MEDIATOR: Tablero
M M M M M 
M M M M M 
M M M M M 
M M M V V 
M M M V V 
MEDIATOR: Tablero
M M M M M 
M M M M M 
M M M M M 
M M M V V 
M M M V V 
MEDIATOR: Tablero
M M M M M 
M M M M M 
M M M M M 
M M M V V 
M M M V V 
MEDIATOR: Tablero
M M M M M 
M M M M M 
M M M M M 
M M M V V 
M M M V V 
MEDIATOR: Tablero
M M M M M 
M M M M M 
M M M M M 
M M M V V 
M M M V V 
MEDIATOR: Tablero
M M M M M 
M M M M M 
M M M M M 
M M M V V 
M M M V V 
MEDIATOR: Tablero
M M M M M 
M M M M M 
M M M M M 
M M M V V 
M M M V V 
MEDIATOR: Tablero
M M M M M 
M M M M M 
M M M M M 
M M M V V 
M M M V V 
MEDIATOR: Tablero
M M M M M 
M M M M M 
M M M M M 
M M M V V 
M M M V V 
MEDIATOR: Tablero
M M M M M 
M M M M M 
M M M M M 
M M M V V 
M M M V V 
MEDIATOR: Tablero
M M M M M 
M M M M M 
M M M M M 
M M M V V 
M M M V V 
MEDIATOR: Tablero
M M M M M 
M M M M M 
M M M M M 
M M M V V 
M M M V V 
MEDIATOR: Tablero
M M M M M 
M M M M M 
M M M M M 
M M M V V 
M M M V V 
MEDIATOR: Tablero
M M M M M 
M M M M M 
M M M M M 
M M M V V 
M M M V V 
MEDIATOR: Tablero
M M M M M 
M M M M M 
M M M M M 
M M M V V 
M M M V V 
MEDIATOR: Tablero
M M M M M 
M M M M M 
M M M M M 
M M M V V 
M M M V V 
MEDIATOR: Tablero
M M M M M 
M M M M M 
M M M M M 
M M M V V 
M M M V V 
MEDIATOR: Tablero
M M M M M 
M M M M M 
M M M M M 
M M M V V 
M M M V V 
MEDIATOR: Tablero
M M M M M 
M M M M M 
M M M M M 
M M M V V 
M M M V V 
MEDIATOR: Tablero
M M M M M 
M M M M M 
M M M M M 
M M M V V 
M M M V V 
MEDIATOR: Tablero
M M M M M 
M M M M M 
M M M M M 
M M M V V 
M M M V V 
MEDIATOR: Tablero
M M M M M 
M M M M M 
M M M M M 
M M M V V 
M M M V V 
MEDIATOR: Tablero
M M M M M 
M M M M M 
M M M M M 
M M M V V 
M M M V V 
MEDIATOR: Tablero
M M M M M 
M M M M M 
M M M M M 
M M M V V 
M M M V V 
MEDIATOR: Tablero
M M M M M 
M M M M M 
M M M M M 
M M M V V 
M M M V V 
MEDIATOR: Tablero
M M M M M 
M M M M M 
M M M M M 
M M M V V 
M M M V V 
MEDIATOR: Tablero
M M M M M 
M M M M M 
M M M M M 
M M M V V 
M M M V V 
MEDIATOR: Tablero
M M M M M 
M M M M M 
M M M M M 
M M M V V 
M M M V V 
MEDIATOR: Tablero
M M M M M 
M M M M M 
M M M M M 
M M M V V 
M M M V V 
MEDIATOR: Tablero
M M M M M 
M M M M M 
M M M M M 
M M M V V 
M M M V V 
MEDIATOR: Tablero
M M M M M 
M M M M M 
M M M M M 
M M M V V 
M M M V V 
MEDIATOR: Tablero
M M M M M 
M M M M M 
M M M M M 
M M M V V 
M M M V V 
MEDIATOR: Tablero
M M M M M 
M M M M M 
M M M M M 
M M M V V 
M M M V V 
MEDIATOR: Tablero
M M M M M 
M M M M M 
M M M M M 
M M M V V 
M M M V V 
MEDIATOR: Tablero
M M M M M 
M M M M M 
M M M M M 
M M M V V 
M M M V V 
MEDIATOR: Tablero
M M M M M 
M M M M M 
M M M M M 
M M M V V 
M M M V V 
MEDIATOR: Tablero
M M M M M 
M M M M M 
M M M M M 
M M M V V 
M M M V V 
MEDIATOR: Tablero
M M M M M 
M M M M M 
M M M M M 
M M M V V 
M M M V V 
MEDIATOR: Tablero
M M M M M 
M M M M M 
M M M M M 
M M M V V 
M M M V V 
MEDIATOR: Tablero
M M M M M 
M M M M M 
M M M M M 
M M M V V 
M M M V V 
MEDIATOR: Tablero
M M M M M 
M M M M M 
M M M M M 
M M M V V 
M M M V V 
