Simulation Initialized
MEDIATOR: Tablero
M M M M M M M M 
M M M M M M M M 
M M M M M M M M 
M M M M M M M M 
M M M M M M M M 
M M V V V M M M 
M M V M V M M M 
M M V M V M M M 
MEDIATOR: Tablero
M M M M M M M M 
M M M M M M M M 
M M M M M M M M 
M M M M M M M M 
M M M V M M M M 
M M V M V M M M 
M V V M V V M M 
M M M M M M M M 
MEDIATOR: Tablero
M M M M M M M M 
M M M M M M M M 
M M M M M M M M 
M M M M M M M M 
M M M V M M M M 
M V V M V V M M 
M V V M V V M M 
M M M M M M M M 
MEDIATOR: Tablero
M M M M M M M M 
M M M M M M M M 
M M M M M M M M 
M M M M M M M M 
M M V V V M M M 
M V M M M V M M 
M V V M V V M M 
M M M M M M M M 
MEDIATOR: Tablero
M M M M M M M M 
M M M M M M M M 
M M M M M M M M 
M M M V M M M M 
M M V V V M M M 
M V M M M V M M 
M V V M V V M M 
M M M M M M M M 
MEDIATOR: Tablero
M M M M M M M M 
M M M M M M M M 
M M M M M M M M 
M M V V V M M M 
M M V V V M M M 
M V M M M V M M 
M V V M V V M M 
M M M M M M M M 
MEDIATOR: Tablero
M M M M M M M M 
M M M M M M M M 
M M M V M M M M 
M M V M V M M M 
M V M M M V M M 
M V M M M V M M 
M V V M V V M M 
M M M M M M M M 
MEDIATOR: Tablero
M M M M M M M M 
M M M M M M M M 
M M M V M M M M 
M M V V V M M M 
M V V M V V M M 
V V M M M V V M 
M V V M V V M M 
M M M M M M M M 
MEDIATOR: Tablero
M M M M M M M M 
M M M M M M M M 
M M V V V M M M 
M V M M M V M M 
V M M M M M V M 
V M M M M M V M 
V V V M V V V M 
M M M M M M M M 
MEDIATOR: Tablero
M M M M M M M M 
M M M V M M M M 
M M V V V M M M 
M V V V V V M M 
V V M M M V V M 
V M M M M M V V 
V V M M M V V M 
M V M M M V M M 
MEDIATOR: Tablero
M M M M M M M M 
M M V V V M M M 
M V M M M V M M 
V M M M M M V M 
V M M V M M M V 
M M M M M M M V 
V V M M M V M V 
V V M M M V V M 
MEDIATOR: Tablero
M M M V M M M M 
M M V V V M M M 
M V V V V V M M 
V V M M M M V M 
M M M M M M V V 
V V M M M M M V 
V V M M M V M V 
V V M M M V V M 
MEDIATOR: Tablero
M M V V V M M M 
M V M M M V M M 
V M M M M V M M 
V V M V V M V V 
M M M M M M V V 
V V M M M M M V 
M M V M M V M V 
V V M M M V V M 
MEDIATOR: Tablero
M M V V V M M M 
M V V V M V M M 
V M V M M V M M 
V V M M V M M V 
M M V M M V M M 
M V M M M M M V 
M M V M M V M V 
M V M M M V V M 
MEDIATOR: Tablero
M V M M V M M M 
M M M M M V M M 
V M M M M V V M 
V M V V V V V M 
V M V M M M V M 
M V V M M M M M 
M V V M M V M V 
M M M M M V V M 
MEDIATOR: Tablero
M M M M M M M M 
M M M M V V V M 
M V M V M M M M 
V M V V V M M V 
V M M M V M V M 
V M M V M M V M 
M V V M M V M M 
M M M M M V V M 
MEDIATOR: Tablero
M M M M M V M M 
M M M M V V M M 
M V M M M M V M 
V M V M V V M M 
V M V M V M V V 
V M V V V M V M 
M V V M V V M M 
M M M M M V V M 
MEDIATOR: Tablero
M M M M V V M M 
M M M M V V V M 
M V M V M M V M 
V M V M V M M V 
V M V M M M V V 
V M M M M M V V 
M V V M M M M M 
M M M M V V V M 
MEDIATOR: Tablero
M M M M V M V M 
M M M V M M V M 
M V V V M M V V 
V M V M M V M V 
V M M V M V M M 
V M V M M M V V 
M V M M M M M V 
M M M M M V M M 
MEDIATOR: Tablero
M M M M M V M M 
M M M V V M V M 
M V M V V V M V 
V M M M M V M V 
V M V V V V M V 
V M V M M M V V 
M V M M M M M V 
M M M M M M M M 
MEDIATOR: Tablero
M M M M V V M M 
M M V V M M V M 
M M V V M M M V 
V M M M M M M V 
V M V V V V M V 
V M V M V V M V 
M V M M M M V V 
M M M M M M M M 
MEDIATOR: Tablero
M M M V V V M M 
M M V M M V V M 
M V V V M M V V 
M M M M M M M V 
V M V M M V M V 
V M V M M M M V 
M V M M M V V V 
M M M M M M M M 
MEDIATOR: Tablero
M M M V V V V M 
M V M M M M M V 
M V V V M V M V 
M M M V M M M V 
M M M M M M M V 
V M V M M V M V 
M V M M M M V V 
M M M M M M V M 
MEDIATOR: Tablero
M M M M V V V M 
M V M M M M M V 
M V M V V M M V 
M M M V V M M V 
M M M M M M M V 
M V M M M M M V 
M V M M M V M V 
M M M M M M V V 
MEDIATOR: Tablero
M M M M M V V M 
M M V V M M M V 
M M M V V M V V 
M M V V V M V V 
M M M M M M V V 
M M M M M M M V 
M M M M M M M V 
M M M M M M V V 
MEDIATOR: Tablero
M M M M M M V M 
M M V V M M M V 
M M M M M M M M 
M M V M V M M M 
M M M V M V M M 
M M M M M M M V 
M M M M M M M V 
M M M M M M V V 
MEDIATOR: Tablero
M M M M M M M M 
M M M M M M M M 
M M V M M M M M 
M M M V V M M M 
M M M V V M M M 
M M M M M M V M 
M M M M M M M V 
M M M M M M V V 
MEDIATOR: Tablero
M M M M M M M M 
M M M M M M M M 
M M M V M M M M 
M M V M V M M M 
M M M V V V M M 
M M M M M M M M 
M M M M M M M V 
M M M M M M V V 
MEDIATOR: Tablero
M M M M M M M M 
M M M M M M M M 
M M M V M M M M 
M M V M M V M M 
M M M V V V M M 
M M M M V M M M 
M M M M M M V V 
M M M M M M V V 
MEDIATOR: Tablero
M M M M M M M M 
M M M M M M M M 
M M M M M M M M 
M M V M M V M M 
M M M V M V M M 
M M M V V M V M 
M M M M M V V V 
M M M M M M V V 
MEDIATOR: Tablero
M M M M M M M M 
M M M M M M M M 
M M M M M M M M 
M M M M V M M M 
M M V V M V V M 
M M M V M M M V 
M M M M V M M M 
M M M M M V M V 
MEDIATOR: Tablero
M M M M M M M M 
M M M M M M M M 
M M M M M M M M 
M M M V V V M M 
M M V V M V V M 
M M V V M V V M 
M M M M V M V M 
M M M M M M M M 
MEDIATOR: Tablero
M M M M M M M M 
M M M M M M M M 
M M M M V M M M 
M M V V M V V M 
M M M M M M M M 
M M V M M M M V 
M M M V V M V M 
M M M M M M M M 
MEDIATOR: Tablero
M M M M M M M M 
M M M M M M M M 
M M M V V V M M 
M M M V V V M M 
M M V V M M V M 
M M M V M M M M 
M M M V M M M M 
M M M M M M M M 
MEDIATOR: Tablero
M M M M M M M M 
M M M M V M M M 
M M M V M V M M 
M M M M M M V M 
M M V M M V M M 
M M M V V M M M 
M M M M M M M M 
M M M M M M M M 
MEDIATOR: Tablero
M M M M M M M M 
M M M M V M M M 
M M M M V V M M 
M M M M V V V M 
M M M V V V M M 
M M M V V M M M 
M M M M M M M M 
M M M M M M M M 
MEDIATOR: Tablero
M M M M M M M M 
M M M M V V M M 
M M M V M M V M 
M M M M M M V M 
M M M M M M V M 
M M M V M V M M 
M M M M M M M M 
M M M M M M M M 
MEDIATOR: Tablero
M M M M M M M M 
M M M M V V M M 
M M M M V M V M 
M M M M M V V V 
M M M M M V V M 
M M M M M M M M 
M M M M M M M M 
M M M M M M M M 
MEDIATOR: Tablero
M M M M M M M M 
M M M M V V M M 
M M M M V M M V 
M M M M V M M V 
M M M M M V M V 
M M M M M M M M 
M M M M M M M M 
M M M M M M M M 
MEDIATOR: Tablero
M M M M M M M M 
M M M M V V M M 
M M M V V M V M 
M M M M V V M V 
M M M M M M V M 
M M M M M M M M 
M M M M M M M M 
M M M M M M M M 
MEDIATOR: Tablero
M M M M M M M M 
M M M V V V M M 
M M M V M M V M 
M M M V V M M V 
M M M M M V V M 
M M M M M M M M 
M M M M M M M M 
M M M M M M M M 
MEDIATOR: Tablero
M M M M V M M M 
M M M V V V M M 
M M V M M M V M 
M M M V V M M V 
M M M M V V V M 
M M M M M M M M 
M M M M M M M M 
M M M M M M M M 
MEDIATOR: Tablero
M M M V V V M M 
M M M V V V M M 
M M V M M M V M 
M M M V V M M V 
M M M V V V V M 
M M M M M V M M 
M M M M M M M M 
M M M M M M M M 
MEDIATOR: Tablero
M M M V M V M M 
M M V M M M V M 
M M V M M M V M 
M M V M M M M V 
M M M V M M V M 
M M M M M V V M 
M M M M M M M M 
M M M M M M M M 
MEDIATOR: Tablero
M M M M M M M M 
M M V V M V V M 
M V V V M M V V 
M M V V M M V V 
M M M M M V V V 
M M M M M V V M 
M M M M M M M M 
M M M M M M M M 
MEDIATOR: Tablero
M M M M M M M M 
M V M V V V V V 
M V M M M M M M 
M V M V V M M M 
M M M M V M M M 
M M M M M V M V 
M M M M M M M M 
M M M M M M M M 
MEDIATOR: Tablero
M M M M V V V M 
M M V M V V V M 
V V M M M M V M 
M M V V V M M M 
M M M V V V M M 
M M M M M M M M 
M M M M M M M M 
M M M M M M M M 
MEDIATOR: Tablero
M M M V V M V M 
M V M V V M M V 
M V M M M M V M 
M V V M M M M M 
M M V M M V M M 
M M M M V M M M 
M M M M M M M M 
M M M M M M M M 
MEDIATOR: Tablero
M M V V V V M M 
M M M V V M V V 
V V M V M M M M 
M V V M M M M M 
M V V V M M M M 
M M M M M M M M 
M M M M M M M M 
M M M M M M M M 
MEDIATOR: Tablero
M M V M M V V M 
M V M M M M V M 
V V M V V M M M 
M M M M M M M M 
M V M V M M M M 
M M V M M M M M 
M M M M M M M M 
M M M M M M M M 
MEDIATOR: Tablero
M M M M M V V M 
V V M V V M V M 
V V V M M M M M 
V V M V V M M M 
M M V M M M M M 
M M V M M M M M 
M M M M M M M M 
M M M M M M M M 
MEDIATOR: Tablero
M M M M V V V M 
V M M V V M V M 
M M M M M V M M 
V M M V M M M M 
M M V M M M M M 
M M M M M M M M 
M M M M M M M M 
M M M M M M M M 
MEDIATOR: Tablero
M M M V V M V M 
M M M V M M V M 
M M M V M V M M 
M M M M M M M M 
M M M M M M M M 
M M M M M M M M 
M M M M M M M M 
M M M M M M M M 
MEDIATOR: Tablero
M M M V V V M M 
M M V V M M V M 
M M M M V M M M 
M M M M M M M M 
M M M M M M M M 
M M M M M M M M 
M M M M M M M M 
M M M M M M M M 
MEDIATOR: Tablero
M M V V V V M M 
M M V M M M M M 
M M M V M M M M 
M M M M M M M M 
M M M M M M M M 
M M M M M M M M 
M M M M M M M M 
M M M M M M M M 
MEDIATOR: Tablero
M M V V V M M M 
M M V M M M M M 
M M M M M M M M 
M M M M M M M M 
M M M M M M M M 
M M M M M M M M 
M M M M M M M M 
M M M M M M M M 
MEDIATOR: Tablero
M M V V M M M M 
M M V M M M M M 
M M M M M M M M 
M M M M M M M M 
M M M M M M M M 
M M M M M M M M 
M M M M M M M M 
M M M M M M M M 
MEDIATOR: Tablero
M M V V M M M M 
M M V V M M M M 
M M M M M M M M 
M M M M M M M M 
M M M M M M M M 
M M M M M M M M 
M M M M M M M M 
M M M M M M M M 
MEDIATOR: Tablero
M M V V M M M M 
M M V V M M M M 
M M M M M M M M 
M M M M M M M M 
M M M M M M M M 
M M M M M M M M 
M M M M M M M M 
M M M M M M M M 
MEDIATOR: Tablero
M M V V M M M M 
M M V V M M M M 
M M M M M M M M 
M M M M M M M M 
M M M M M M M M 
M M M M M M M M 
M M M M M M M M 
M M M M M M M M 
MEDIATOR: Tablero
M M V V M M M M 
M M V V M M M M 
M M M M M M M M 
M M M M M M M M 
M M M M M M M M 
M M M M M M M M 
M M M M M M M M 
M M M M M M M M 
MEDIATOR: Tablero
M M V V M M M M 
M M V V M M M M 
M M M M M M M M 
M M M M M M M M 
M M M M M M M M 
M M M M M M M M 
M M M M M M M M 
M M M M M M M M 
MEDIATOR: Tablero
M M V V M M M M 
M M V V M M M M 
M M M M M M M M 
M M M M M M M M 
M M M M M M M M 
M M M M M M M M 
M M M M M M M M 
M M M M M M M M 
MEDIATOR: Tablero
M M V V M M M M 
M M V V M M M M 
M M M M M M M M 
M M M M M M M M 
M M M M M M M M 
M M M M M M M M 
M M M M M M M M 
M M M M M M M M 
MEDIATOR: Tablero
M M V V M M M M 
M M V V M M M M 
M M M M M M M M 
M M M M M M M M 
M M M M M M M M 
M M M M M M M M 
M M M M M M M M 
M M M M M M M M 
MEDIATOR: Tablero
M M V V M M M M 
M M V V M M M M 
M M M M M M M M 
M M M M M M M M 
M M M M M M M M 
M M M M M M M M 
M M M M M M M M 
M M M M M M M M 
MEDIATOR: Tablero
M M V V M M M M 
M M V V M M M M 
M M M M M M M M 
M M M M M M M M 
M M M M M M M M 
M M M M M M M M 
M M M M M M M M 
M M M M M M M M 
MEDIATOR: Tablero
M M V V M M M M 
M M V V M M M M 
M M M M M M M M 
M M M M M M M M 
M M M M M M M M 
M M M M M M M M 
M M M M M M M M 
M M M M M M M M 
MEDIATOR: Tablero
M M V V M M M M 
M M V V M M M M 
M M M M M M M M 
M M M M M M M M 
M M M M M M M M 
M M M M M M M M 
M M M M M M M M 
M M M M M M M M 
MEDIATOR: Tablero
M M V V M M M M 
M M V V M M M M 
M M M M M M M M 
M M M M M M M M 
M M M M M M M M 
M M M M M M M M 
M M M M M M M M 
M M M M M M M M 
MEDIATOR: Tablero
M M V V M M M M 
M M V V M M M M 
M M M M M M M M 
M M M M M M M M 
M M M M M M M M 
M M M M M M M M 
M M M M M M M M 
M M M M M M M M 
MEDIATOR: Tablero
M M V V M M M M 
M M V V M M M M 
M M M M M M M M 
M M M M M M M M 
M M M M M M M M 
M M M M M M M M 
M M M M M M M M 
M M M M M M M M 
MEDIATOR: Tablero
M M V V M M M M 
M M V V M M M M 
M M M M M M M M 
M M M M M M M M 
M M M M M M M M 
M M M M M M M M 
M M M M M M M M 
M M M M M M M M 
MEDIATOR: Tablero
M M V V M M M M 
M M V V M M M M 
M M M M M M M M 
M M M M M M M M 
M M M M M M M M 
M M M M M M M M 
M M M M M M M M 
M M M M M M M M 
MEDIATOR: Tablero
M M V V M M M M 
M M V V M M M M 
M M M M M M M M 
M M M M M M M M 
M M M M M M M M 
M M M M M M M M 
M M M M M M M M 
M M M M M M M M 
MEDIATOR: Tablero
M M V V M M M M 
M M V V M M M M 
M M M M M M M M 
M M M M M M M M 
M M M M M M M M 
M M M M M M M M 
M M M M M M M M 
M M M M M M M M 
MEDIATOR: Tablero
M M V V M M M M 
M M V V M M M M 
M M M M M M M M 
M M M M M M M M 
M M M M M M M M 
M M M M M M M M 
M M M M M M M M 
M M M M M M M M 
MEDIATOR: Tablero
M M V V M M M M 
M M V V M M M M 
M M M M M M M M 
M M M M M M M M 
M M M M M M M M 
M M M M M M M M 
M M M M M M M M 
M M M M M M M M 
MEDIATOR: Tablero
M M V V M M M M 
M M V V M M M M 
M M M M M M M M 
M M M M M M M M 
M M M M M M M M 
M M M M M M M M 
M M M M M M M M 
M M M M M M M M 
MEDIATOR: Tablero
M M V V M M M M 
M M V V M M M M 
M M M M M M M M 
M M M M M M M M 
M M M M M M M M 
M M M M M M M M 
M M M M M M M M 
M M M M M M M M 
MEDIATOR: Tablero
M M V V M M M M 
M M V V M M M M 
M M M M M M M M 
M M M M M M M M 
M M M M M M M M 
M M M M M M M M 
M M M M M M M M 
M M M M M M M M 
MEDIATOR: Tablero
M M V V M M M M 
M M V V M M M M 
M M M M M M M M 
M M M M M M M M 
M M M M M M M M 
M M M M M M M M 
M M M M M M M M 
M M M M M M M M 
MEDIATOR: Tablero
M M V V M M M M 
M M V V M M M M 
M M M M M M M M 
M M M M M M M M 
M M M M M M M M 
M M M M M M M M 
M M M M M M M M 
M M M M M M M M 
MEDIATOR: Tablero
M M V V M M M M 
M M V V M M M M 
M M M M M M M M 
M M M M M M M M 
M M M M M M M M 
M M M M M M M M 
M M M M M M M M 
M M M M M M M M 
MEDIATOR: Tablero
M M V V M M M M 
M M V V M M M M 
M M M M M M M M 
M M M M M M M M 
M M M M M M M M 
M M M M M M M M 
M M M M M M M M 
M M M M M M M M 
MEDIATOR: Tablero
M M V V M M M M 
M M V V M M M M 
M M M M M M M M 
M M M M M M M M 
M M M M M M M M 
M M M M M M M M 
M M M M M M M M 
M M M M M M M M 
MEDIATOR: Tablero
M M V V M M M M 
M M V V M M M M 
M M M M M M M M 
M M M M M M M M 
M M M M M M M M 
M M M M M M M M 
M M M M M M M M 
M M M M M M M M 
MEDIATOR: Tablero
M M V V M M M M 
M M V V M M M M 
M M M M M M M M 
M M M M M M M M 
M M M M M M M M 
M M M M M M M M 
M M M M M M M M 
M M M M M M M M 
MEDIATOR: Tablero
M M V V M M M M 
M M V V M M M M 
M M M M M M M M 
M M M M M M M M 
M M M M M M M M 
M M M M M M M M 
M M M M M M M M 
M M M M M M M M 
MEDIATOR: Tablero
M M V V M M M M 
M M V V M M M M 
M M M M M M M M 
M M M M M M M M 
M M M M M M M M 
M M M M M M M M 
M M M M M M M M 
M M M M M M M M 
MEDIATOR: Tablero
M M V V M M M M 
M M V V M M M M 
M M M M M M M M 
M M M M M M M M 
M M M M M M M M 
M M M M M M M M 
M M M M M M M M 
M M M M M M M M 
MEDIATOR: Tablero
M M V V M M M M 
M M V V M M M M 
M M M M M M M M 
M M M M M M M M 
M M M M M M M M 
M M M M M M M M 
M M M M M M M M 
M M M M M M M M 
MEDIATOR: Tablero
M M V V M M M M 
M M V V M M M M 
M M M M M M M M 
M M M M M M M M 
M M M M M M M M 
M M M M M M M M 
M M M M M M M M 
M M M M M M M M 
MEDIATOR: Tablero
M M V V M M M M 
M M V V M M M M 
M M M M M M M M 
M M M M M M M M 
M M M M M M M M 
M M M M M M M M 
M M M M M M M M 
M M M M M M M M 
MEDIATOR: Tablero
M M V V M M M M 
M M V V M M M M 
M M M M M M M M 
M M M M M M M M 
M M M M M M M M 
M M M M M M M M 
M M M M M M M M 
M M M M M M M M 
MEDIATOR: Tablero
M M V V M M M M 
M M V V M M M M 
M M M M M M M M 
M M M M M M M M 
M M M M M M M M 
M M M M M M M M 
M M M M M M M M 
M M M M M M M M 
MEDIATOR: Tablero
M M V V M M M M 
M M V V M M M M 
M M M M M M M M 
M M M M M M M M 
M M M M M M M M 
M M M M M M M M 
M M M M M M M M 
M M M M M M M M 
MEDIATOR: Tablero
M M V V M M M M 
M M V V M M M M 
M M M M M M M M 
M M M M M M M M 
M M M M M M M M 
M M M M M M M M 
M M M M M M M M 
M M M M M M M M 
MEDIATOR: Tablero
M M V V M M M M 
M M V V M M M M 
M M M M M M M M 
M M M M M M M M 
M M M M M M M M 
M M M M M M M M 
M M M M M M M M 
M M M M M M M M 
MEDIATOR: Tablero
M M V V M M M M 
M M V V M M M M 
M M M M M M M M 
M M M M M M M M 
M M M M M M M M 
M M M M M M M M 
M M M M M M M M 
M M M M M M M M 
MEDIATOR: Tablero
M M V V M M M M 
M M V V M M M M 
M M M M M M M M 
M M M M M M M M 
M M M M M M M M 
M M M M M M M M 
M M M M M M M M 
M M M M M M M M 
MEDIATOR: Tablero
M M V V M M M M 
M M V V M M M M 
M M M M M M M M 
M M M M M M M M 
M M M M M M M M 
M M M M M M M M 
M M M M M M M M 
M M M M M M M M 
MEDIATOR: Tablero
M M V V M M M M 
M M V V M M M M 
M M M M M M M M 
M M M M M M M M 
M M M M M M M M 
M M M M M M M M 
M M M M M M M M 
M M M M M M M M 
MEDIATOR: Tablero
M M V V M M M M 
M M V V M M M M 
M M M M M M M M 
M M M M M M M M 
M M M M M M M M 
M M M M M M M M 
M M M M M M M M 
M M M M M M M M 
MEDIATOR: Tablero
M M V V M M M M 
M M V V M M M M 
M M M M M M M M 
M M M M M M M M 
M M M M M M M M 
M M M M M M M M 
M M M M M M M M 
M M M M M M M M 
MEDIATOR: Tablero
M M V V M M M M 
M M V V M M M M 
M M M M M M M M 
M M M M M M M M 
M M M M M M M M 
M M M M M M M M 
M M M M M M M M 
M M M M M M M M 
MEDIATOR: Tablero
M M V V M M M M 
M M V V M M M M 
M M M M M M M M 
M M M M M M M M 
M M M M M M M M 
M M M M M M M M 
M M M M M M M M 
M M M M M M M M 
MEDIATOR: Tablero
M M V V M M M M 
M M V V M M M M 
M M M M M M M M 
M M M M M M M M 
M M M M M M M M 
M M M M M M M M 
M M M M M M M M 
M M M M M M M M 
MEDIATOR: Tablero
M M V V M M M M 
M M V V M M M M 
M M M M M M M M 
M M M M M M M M 
M M M M M M M M 
M M M M M M M M 
M M M M M M M M 
M M M M M M M M 
MEDIATOR: Tablero
M M V V M M M M 
M M V V M M M M 
M M M M M M M M 
M M M M M M M M 
M M M M M M M M 
M M M M M M M M 
M M M M M M M M 
M M M M M M M M 
MEDIATOR: Tablero
M M V V M M M M 
M M V V M M M M 
M M M M M M M M 
M M M M M M M M 
M M M M M M M M 
M M M M M M M M 
M M M M M M M M 
M M M M M M M M 
MEDIATOR: Tablero
M M V V M M M M 
M M V V M M M M 
M M M M M M M M 
M M M M M M M M 
M M M M M M M M 
M M M M M M M M 
M M M M M M M M 
M M M M M M M M 
MEDIATOR: Tablero
M M V V M M M M 
M M V V M M M M 
M M M M M M M M 
M M M M M M M M 
M M M M M M M M 
M M M M M M M M 
M M M M M M M M 
M M M M M M M M 
MEDIATOR: Tablero
M M V V M M M M 
M M V V M M M M 
M M M M M M M M 
M M M M M M M M 
M M M M M M M M 
M M M M M M M M 
M M M M M M M M 
M M M M M M M M 
MEDIATOR: Tablero
M M V V M M M M 
M M V V M M M M 
M M M M M M M M 
M M M M M M M M 
M M M M M M M M 
M M M M M M M M 
M M M M M M M M 
M M M M M M M M 
MEDIATOR: Tablero
M M V V M M M M 
M M V V M M M M 
M M M M M M M M 
M M M M M M M M 
M M M M M M M M 
M M M M M M M M 
M M M M M M M M 
M M M M M M M M 
MEDIATOR: Tablero
M M V V M M M M 
M M V V M M M M 
M M M M M M M M 
M M M M M M M M 
M M M M M M M M 
M M M M M M M M 
M M M M M M M M 
M M M M M M M M 
MEDIATOR: Tablero
M M V V M M M M 
M M V V M M M M 
M M M M M M M M 
M M M M M M M M 
M M M M M M M M 
M M M M M M M M 
M M M M M M M M 
M M M M M M M M 
MEDIATOR: Tablero
M M V V M M M M 
M M V V M M M M 
M M M M M M M M 
M M M M M M M M 
M M M M M M M M 
M M M M M M M M 
M M M M M M M M 
M M M M M M M M 
MEDIATOR: Tablero
M M V V M M M M 
M M V V M M M M 
M M M M M M M M 
M M M M M M M M 
M M M M M M M M 
M M M M M M M M 
M M M M M M M M 
M M M M M M M M 
MEDIATOR: Tablero
M M V V M M M M 
M M V V M M M M 
M M M M M M M M 
M M M M M M M M 
M M M M M M M M 
M M M M M M M M 
M M M M M M M M 
M M M M M M M M 
MEDIATOR: Tablero
M M V V M M M M 
M M V V M M M M 
M M M M M M M M 
M M M M M M M M 
M M M M M M M M 
M M M M M M M M 
M M M M M M M M 
M M M M M M M M 
MEDIATOR: Tablero
M M V V M M M M 
M M V V M M M M 
M M M M M M M M 
M M M M M M M M 
M M M M M M M M 
M M M M M M M M 
M M M M M M M M 
M M M M M M M M 
MEDIATOR: Tablero
M M V V M M M M 
M M V V M M M M 
M M M M M M M M 
M M M M M M M M 
M M M M M M M M 
M M M M M M M M 
M M M M M M M M 
M M M M M M M M 
MEDIATOR: Tablero
M M V V M M M M 
M M V V M M M M 
M M M M M M M M 
M M M M M M M M 
M M M M M M M M 
M M M M M M M M 
M M M M M M M M 
M M M M M M M M 
MEDIATOR: Tablero
M M V V M M M M 
M M V V M M M M 
M M M M M M M M 
M M M M M M M M 
M M M M M M M M 
M M M M M M M M 
M M M M M M M M 
M M M M M M M M 
MEDIATOR: Tablero
M M V V M M M M 
M M V V M M M M 
M M M M M M M M 
M M M M M M M M 
M M M M M M M M 
M M M M M M M M 
M M M M M M M M 
M M M M M M M M 
MEDIATOR: Tablero
M M V V M M M M 
M M V V M M M M 
M M M M M M M M 
M M M M M M M M 
M M M M M M M M 
M M M M M M M M 
M M M M M M M M 
M M M M M M M M 
MEDIATOR: Tablero
M M V V M M M M 
M M V V M M M M 
M M M M M M M M 
M M M M M M M M 
M M M M M M M M 
M M M M M M M M 
M M M M M M M M 
M M M M M M M M 
MEDIATOR: Tablero
M M V V M M M M 
M M V V M M M M 
M M M M M M M M 
M M M M M M M M 
M M M M M M M M 
M M M M M M M M 
M M M M M M M M 
M M M M M M M M 
MEDIATOR: Tablero
M M V V M M M M 
M M V V M M M M 
M M M M M M M M 
M M M M M M M M 
M M M M M M M M 
M M M M M M M M 
M M M M M M M M 
M M M M M M M M 
MEDIATOR: Tablero
M M V V M M M M 
M M V V M M M M 
M M M M M M M M 
M M M M M M M M 
M M M M M M M M 
M M M M M M M M 
M M M M M M M M 
M M M M M M M M 
MEDIATOR: Tablero
M M V V M M M M 
M M V V M M M M 
M M M M M M M M 
M M M M M M M M 
M M M M M M M M 
M M M M M M M M 
M M M M M M M M 
M M M M M M M M 
MEDIATOR: Tablero
M M V V M M M M 
M M V V M M M M 
M M M M M M M M 
M M M M M M M M 
M M M M M M M M 
M M M M M M M M 
M M M M M M M M 
M M M M M M M M 
MEDIATOR: Tablero
M M V V M M M M 
M M V V M M M M 
M M M M M M M M 
M M M M M M M M 
M M M M M M M M 
M M M M M M M M 
M M M M M M M M 
M M M M M M M M 
MEDIATOR: Tablero
M M V V M M M M 
M M V V M M M M 
M M M M M M M M 
M M M M M M M M 
M M M M M M M M 
M M M M M M M M 
M M M M M M M M 
M M M M M M M M 
MEDIATOR: Tablero
M M V V M M M M 
M M V V M M M M 
M M M M M M M M 
M M M M M M M M 
M M M M M M M M 
M M M M M M M M 
M M M M M M M M 
M M M M M M M M 
MEDIATOR: Tablero
M M V V M M M M 
M M V V M M M M 
M M M M M M M M 
M M M M M M M M 
M M M M M M M M 
M M M M M M M M 
M M M M M M M M 
M M M M M M M M 
MEDIATOR: Tablero
M M V V M M M M 
M M V V M M M M 
M M M M M M M M 
M M M M M M M M 
M M M M M M M M 
M M M M M M M M 
M M M M M M M M 
M M M M M M M M 
MEDIATOR: Tablero
M M V V M M M M 
M M V V M M M M 
M M M M M M M M 
M M M M M M M M 
M M M M M M M M 
M M M M M M M M 
M M M M M M M M 
M M M M M M M M 
MEDIATOR: Tablero
M M V V M M M M 
M M V V M M M M 
M M M M M M M M 
M M M M M M M M 
M M M M M M M M 
M M M M M M M M 
M M M M M M M M 
M M M M M M M M 
MEDIATOR: Tablero
M M V V M M M M 
M M V V M M M M 
M M M M M M M M 
M M M M M M M M 
M M M M M M M M 
M M M M M M M M 
M M M M M M M M 
M M M M M M M M 
MEDIATOR: Tablero
M M V V M M M M 
M M V V M M M M 
M M M M M M M M 
M M M M M M M M 
M M M M M M M M 
M M M M M M M M 
M M M M M M M M 
M M M M M M M M 
MEDIATOR: Tablero
M M V V M M M M 
M M V V M M M M 
M M M M M M M M 
M M M M M M M M 
M M M M M M M M 
M M M M M M M M 
M M M M M M M M 
M M M M M M M M 
MEDIATOR: Tablero
M M V V M M M M 
M M V V M M M M 
M M M M M M M M 
M M M M M M M M 
M M M M M M M M 
M M M M M M M M 
M M M M M M M M 
M M M M M M M M 
MEDIATOR: Tablero
M M V V M M M M 
M M V V M M M M 
M M M M M M M M 
M M M M M M M M 
M M M M M M M M 
M M M M M M M M 
M M M M M M M M 
M M M M M M M M 
MEDIATOR: Tablero
M M V V M M M M 
M M V V M M M M 
M M M M M M M M 
M M M M M M M M 
M M M M M M M M 
M M M M M M M M 
M M M M M M M M 
M M M M M M M M 
MEDIATOR: Tablero
M M V V M M M M 
M M V V M M M M 
M M M M M M M M 
M M M M M M M M 
M M M M M M M M 
M M M M M M M M 
M M M M M M M M 
M M M M M M M M 
MEDIATOR: Tablero
M M V V M M M M 
M M V V M M M M 
M M M M M M M M 
M M M M M M M M 
M M M M M M M M 
M M M M M M M M 
M M M M M M M M 
M M M M M M M M 
MEDIATOR: Tablero
M M V V M M M M 
M M V V M M M M 
M M M M M M M M 
M M M M M M M M 
M M M M M M M M 
M M M M M M M M 
M M M M M M M M 
M M M M M M M M 
MEDIATOR: Tablero
M M V V M M M M 
M M V V M M M M 
M M M M M M M M 
M M M M M M M M 
M M M M M M M M 
M M M M M M M M 
M M M M M M M M 
M M M M M M M M 
MEDIATOR: Tablero
M M V V M M M M 
M M V V M M M M 
M M M M M M M M 
M M M M M M M M 
M M M M M M M M 
M M M M M M M M 
M M M M M M M M 
M M M M M M M M 
MEDIATOR: Tablero
M M V V M M M M 
M M V V M M M M 
M M M M M M M M 
M M M M M M M M 
M M M M M M M M 
M M M M M M M M 
M M M M M M M M 
M M M M M M M M 
MEDIATOR: Tablero
M M V V M M M M 
M M V V M M M M 
M M M M M M M M 
M M M M M M M M 
M M M M M M M M 
M M M M M M M M 
M M M M M M M M 
M M M M M M M M 
MEDIATOR: Tablero
M M V V M M M M 
M M V V M M M M 
M M M M M M M M 
M M M M M M M M 
M M M M M M M M 
M M M M M M M M 
M M M M M M M M 
M M M M M M M M 
MEDIATOR: Tablero
M M V V M M M M 
M M V V M M M M 
M M M M M M M M 
M M M M M M M M 
M M M M M M M M 
M M M M M M M M 
M M M M M M M M 
M M M M M M M M 
MEDIATOR: Tablero
M M V V M M M M 
M M V V M M M M 
M M M M M M M M 
M M M M M M M M 
M M M M M M M M 
M M M M M M M M 
M M M M M M M M 
M M M M M M M M 
MEDIATOR: Tablero
M M V V M M M M 
M M V V M M M M 
M M M M M M M M 
M M M M M M M M 
M M M M M M M M 
M M M M M M M M 
M M M M M M M M 
M M M M M M M M 
MEDIATOR: Tablero
M M V V M M M M 
M M V V M M M M 
M M M M M M M M 
M M M M M M M M 
M M M M M M M M 
M M M M M M M M 
M M M M M M M M 
M M M M M M M M 
MEDIATOR: Tablero
M M V V M M M M 
M M V V M M M M 
M M M M M M M M 
M M M M M M M M 
M M M M M M M M 
M M M M M M M M 
M M M M M M M M 
M M M M M M M M 
MEDIATOR: Tablero
M M V V M M M M 
M M V V M M M M 
M M M M M M M M 
M M M M M M M M 
M M M M M M M M 
M M M M M M M M 
M M M M M M M M 
M M M M M M M M 
MEDIATOR: Tablero
M M V V M M M M 
M M V V M M M M 
M M M M M M M M 
M M M M M M M M 
M M M M M M M M 
M M M M M M M M 
M M M M M M M M 
M M M M M M M M 
MEDIATOR: Tablero
M M V V M M M M 
M M V V M M M M 
M M M M M M M M 
M M M M M M M M 
M M M M M M M M 
M M M M M M M M 
M M M M M M M M 
M M M M M M M M 
MEDIATOR: Tablero
M M V V M M M M 
M M V V M M M M 
M M M M M M M M 
M M M M M M M M 
M M M M M M M M 
M M M M M M M M 
M M M M M M M M 
M M M M M M M M 
MEDIATOR: Tablero
M M V V M M M M 
M M V V M M M M 
M M M M M M M M 
M M M M M M M M 
M M M M M M M M 
M M M M M M M M 
M M M M M M M M 
M M M M M M M M 
MEDIATOR: Tablero
M M V V M M M M 
M M V V M M M M 
M M M M M M M M 
M M M M M M M M 
M M M M M M M M 
M M M M M M M M 
M M M M M M M M 
M M M M M M M M 
MEDIATOR: Tablero
M M V V M M M M 
M M V V M M M M 
M M M M M M M M 
M M M M M M M M 
M M M M M M M M 
M M M M M M M M 
M M M M M M M M 
M M M M M M M M 
MEDIATOR: Tablero
M M V V M M M M 
M M V V M M M M 
M M M M M M M M 
M M M M M M M M 
M M M M M M M M 
M M M M M M M M 
M M M M M M M M 
M M M M M M M M 
MEDIATOR: Tablero
M M V V M M M M 
M M V V M M M M 
M M M M M M M M 
M M M M M M M M 
M M M M M M M M 
M M M M M M M M 
M M M M M M M M 
M M M M M M M M 
MEDIATOR: Tablero
M M V V M M M M 
M M V V M M M M 
M M M M M M M M 
M M M M M M M M 
M M M M M M M M 
M M M M M M M M 
M M M M M M M M 
M M M M M M M M 
MEDIATOR: Tablero
M M V V M M M M 
M M V V M M M M 
M M M M M M M M 
M M M M M M M M 
M M M M M M M M 
M M M M M M M M 
M M M M M M M M 
M M M M M M M M 
MEDIATOR: Tablero
M M V V M M M M 
M M V V M M M M 
M M M M M M M M 
M M M M M M M M 
M M M M M M M M 
M M M M M M M M 
M M M M M M M M 
M M M M M M M M 
MEDIATOR: Tablero
M M V V M M M M 
M M V V M M M M 
M M M M M M M M 
M M M M M M M M 
M M M M M M M M 
M M M M M M M M 
M M M M M M M M 
M M M M M M M M 
MEDIATOR: Tablero
M M V V M M M M 
M M V V M M M M 
M M M M M M M M 
M M M M M M M M 
M M M M M M M M 
M M M M M M M M 
M M M M M M M M 
M M M M M M M M 
MEDIATOR: Tablero
M M V V M M M M 
M M V V M M M M 
M M M M M M M M 
M M M M M M M M 
M M M M M M M M 
M M M M M M M M 
M M M M M M M M 
M M M M M M M M 
MEDIATOR: Tablero
M M V V M M M M 
M M V V M M M M 
M M M M M M M M 
M M M M M M M M 
M M M M M M M M 
M M M M M M M M 
M M M M M M M M 
M M M M M M M M 
MEDIATOR: Tablero
M M V V M M M M 
M M V V M M M M 
M M M M M M M M 
M M M M M M M M 
M M M M M M M M 
M M M M M M M M 
M M M M M M M M 
M M M M M M M M 
MEDIATOR: Tablero
M M V V M M M M 
M M V V M M M M 
M M M M M M M M 
M M M M M M M M 
M M M M M M M M 
M M M M M M M M 
M M M M M M M M 
M M M M M M M M 
MEDIATOR: Tablero
M M V V M M M M 
M M V V M M M M 
M M M M M M M M 
M M M M M M M M 
M M M M M M M M 
M M M M M M M M 
M M M M M M M M 
M M M M M M M M 
MEDIATOR: Tablero
M M V V M M M M 
M M V V M M M M 
M M M M M M M M 
M M M M M M M M 
M M M M M M M M 
M M M M M M M M 
M M M M M M M M 
M M M M M M M M 
MEDIATOR: Tablero
M M V V M M M M 
M M V V M M M M 
M M M M M M M M 
M M M M M M M M 
M M M M M M M M 
M M M M M M M M 
M M M M M M M M 
M M M M M M M M 
MEDIATOR: Tablero
M M V V M M M M 
M M V V M M M M 
M M M M M M M M 
M M M M M M M M 
M M M M M M M M 
M M M M M M M M 
M M M M M M M M 
M M M M M M M M 
MEDIATOR: Tablero
M M V V M M M M 
M M V V M M M M 
M M M M M M M M 
M M M M M M M M 
M M M M M M M M 
M M M M M M M M 
M M M M M M M M 
M M M M M M M M 
MEDIATOR: Tablero
M M V V M M M M 
M M V V M M M M 
M M M M M M M M 
M M M M M M M M 
M M M M M M M M 
M M M M M M M M 
M M M M M M M M 
M M M M M M M M 
MEDIATOR: Tablero
M M V V M M M M 
M M V V M M M M 
M M M M M M M M 
M M M M M M M M 
M M M M M M M M 
M M M M M M M M 
M M M M M M M M 
M M M M M M M M 
MEDIATOR: Tablero
M M V V M M M M 
M M V V M M M M 
M M M M M M M M 
M M M M M M M M 
M M M M M M M M 
M M M M M M M M 
M M M M M M M M 
M M M M M M M M 
MEDIATOR: Tablero
M M V V M M M M 
M M V V M M M M 
M M M M M M M M 
M M M M M M M M 
M M M M M M M M 
M M M M M M M M 
M M M M M M M M 
M M M M M M M M 
MEDIATOR: Tablero
M M V V M M M M 
M M V V M M M M 
M M M M M M M M 
M M M M M M M M 
M M M M M M M M 
M M M M M M M M 
M M M M M M M M 
M M M M M M M M 
MEDIATOR: Tablero
M M V V M M M M 
M M V V M M M M 
M M M M M M M M 
M M M M M M M M 
M M M M M M M M 
M M M M M M M M 
M M M M M M M M 
M M M M M M M M 
MEDIATOR: Tablero
M M V V M M M M 
M M V V M M M M 
M M M M M M M M 
M M M M M M M M 
M M M M M M M M 
M M M M M M M M 
M M M M M M M M 
M M M M M M M M 
MEDIATOR: Tablero
M M V V M M M M 
M M V V M M M M 
M M M M M M M M 
M M M M M M M M 
M M M M M M M M 
M M M M M M M M 
M M M M M M M M 
M M M M M M M M 
MEDIATOR: Tablero
M M V V M M M M 
M M V V M M M M 
M M M M M M M M 
M M M M M M M M 
M M M M M M M M 
M M M M M M M M 
M M M M M M M M 
M M M M M M M M 
MEDIATOR: Tablero
M M V V M M M M 
M M V V M M M M 
M M M M M M M M 
M M M M M M M M 
M M M M M M M M 
M M M M M M M M 
M M M M M M M M 
M M M M M M M M 
MEDIATOR: Tablero
M M V V M M M M 
M M V V M M M M 
M M M M M M M M 
M M M M M M M M 
M M M M M M M M 
M M M M M M M M 
M M M M M M M M 
M M M M M M M M 
MEDIATOR: Tablero
M M V V M M M M 
M M V V M M M M 
M M M M M M M M 
M M M M M M M M 
M M M M M M M M 
M M M M M M M M 
M M M M M M M M 
M M M M M M M M 
MEDIATOR: Tablero
M M V V M M M M 
M M V V M M M M 
M M M M M M M M 
M M M M M M M M 
M M M M M M M M 
M M M M M M M M 
M M M M M M M M 
M M M M M M M M 
MEDIATOR: Tablero
M M V V M M M M 
M M V V M M M M 
M M M M M M M M 
M M M M M M M M 
M M M M M M M M 
M M M M M M M M 
M M M M M M M M 
M M M M M M M M 
MEDIATOR: Tablero
M M V V M M M M 
M M V V M M M M 
M M M M M M M M 
M M M M M M M M 
M M M M M M M M 
M M M M M M M M 
M M M M M M M M 
M M M M M M M M 
MEDIATOR: Tablero
M M V V M M M M 
M M V V M M M M 
M M M M M M M M 
M M M M M M M M 
M M M M M M M M 
M M M M M M M M 
M M M M M M M M 
M M M M M M M M 
MEDIATOR: Tablero
M M V V M M M M 
M M V V M M M M 
M M M M M M M M 
M M M M M M M M 
M M M M M M M M 
M M M M M M M M 
M M M M M M M M 
M M M M M M M M 
MEDIATOR: Tablero
M M V V M M M M 
M M V V M M M M 
M M M M M M M M 
M M M M M M M M 
M M M M M M M M 
M M M M M M M M 
M M M M M M M M 
M M M M M M M M 
MEDIATOR: Tablero
M M V V M M M M 
M M V V M M M M 
M M M M M M M M 
M M M M M M M M 
M M M M M M M M 
M M M M M M M M 
M M M M M M M M 
M M M M M M M M 
MEDIATOR: Tablero
M M V V M M M M 
M M V V M M M M 
M M M M M M M M 
M M M M M M M M 
M M M M M M M M 
M M M M M M M M 
M M M M M M M M 
M M M M M M M M 
MEDIATOR: Tablero
M M V V M M M M 
M M V V M M M M 
M M M M M M M M 
M M M M M M M M 
M M M M M M M M 
M M M M M M M M 
M M M M M M M M 
M M M M M M M M 
MEDIATOR: Tablero
M M V V M M M M 
M M V V M M M M 
M M M M M M M M 
M M M M M M M M 
M M M M M M M M 
M M M M M M M M 
M M M M M M M M 
M M M M M M M M 
MEDIATOR: Tablero
M M V V M M M M 
M M V V M M M M 
M M M M M M M M 
M M M M M M M M 
M M M M M M M M 
M M M M M M M M 
M M M M M M M M 
M M M M M M M M 
MEDIATOR: Tablero
M M V V M M M M 
M M V V M M M M 
M M M M M M M M 
M M M M M M M M 
M M M M M M M M 
M M M M M M M M 
M M M M M M M M 
M M M M M M M M 
MEDIATOR: Tablero
M M V V M M M M 
M M V V M M M M 
M M M M M M M M 
M M M M M M M M 
M M M M M M M M 
M M M M M M M M 
M M M M M M M M 
M M M M M M M M 
MEDIATOR: Tablero
M M V V M M M M 
M M V V M M M M 
M M M M M M M M 
M M M M M M M M 
M M M M M M M M 
M M M M M M M M 
M M M M M M M M 
M M M M M M M M 
MEDIATOR: Tablero
M M V V M M M M 
M M V V M M M M 
M M M M M M M M 
M M M M M M M M 
M M M M M M M M 
M M M M M M M M 
M M M M M M M M 
M M M M M M M M 
MEDIATOR: Tablero
M M V V M M M M 
M M V V M M M M 
M M M M M M M M 
M M M M M M M M 
M M M M M M M M 
M M M M M M M M 
M M M M M M M M 
M M M M M M M M 
MEDIATOR: Tablero
M M V V M M M M 
M M V V M M M M 
M M M M M M M M 
M M M M M M M M 
M M M M M M M M 
M M M M M M M M 
M M M M M M M M 
M M M M M M M M 
MEDIATOR: Tablero
M M V V M M M M 
M M V V M M M M 
M M M M M M M M 
M M M M M M M M 
M M M M M M M M 
M M M M M M M M 
M M M M M M M M 
M M M M M M M M 
MEDIATOR: Tablero
M M V V M M M M 
M M V V M M M M 
M M M M M M M M 
M M M M M M M M 
M M M M M M M M 
M M M M M M M M 
M M M M M M M M 
M M M M M M M M 
MEDIATOR: Tablero
M M V V M M M M 
M M V V M M M M 
M M M M M M M M 
M M M M M M M M 
M M M M M M M M 
M M M M M M M M 
M M M M M M M M 
M M M M M M M M 
MEDIATOR: Tablero
M M V V M M M M 
M M V V M M M M 
M M M M M M M M 
M M M M M M M M 
M M M M M M M M 
M M M M M M M M 
M M M M M M M M 
M M M M M M M M 
MEDIATOR: Tablero
M M V V M M M M 
M M V V M M M M 
M M M M M M M M 
M M M M M M M M 
M M M M M M M M 
M M M M M M M M 
M M M M M M M M 
M M M M M M M M 
MEDIATOR: Tablero
M M V V M M M M 
M M V V M M M M 
M M M M M M M M 
M M M M M M M M 
M M M M M M M M 
M M M M M M M M 
M M M M M M M M 
M M M M M M M M 
MEDIATOR: Tablero
M M V V M M M M 
M M V V M M M M 
M M M M M M M M 
M M M M M M M M 
M M M M M M M M 
M M M M M M M M 
M M M M M M M M 
M M M M M M M M 
MEDIATOR: Tablero
M M V V M M M M 
M M V V M M M M 
M M M M M M M M 
M M M M M M M M 
M M M M M M M M 
M M M M M M M M 
M M M M M M M M 
M M M M M M M M 

