MEDIATOR: Tablero
M M M M M M M M 
M V V V M M M M 
V V V M M M M M 
M M M M M M M M 
M M M M M M M M 
M M M M V V V M 
M M M V V V M M 
M M M M M M M M 
MEDIATOR: Tablero
M M V M M M M M 
V M M V M M M M 
V M M V M M M M 
M V M M M M M M 
M M M M M V M M 
M M M V M M V M 
M M M V M M V M 
M M M M V M M M 
MEDIATOR: Tablero
M M M M M M M M 
M V V V M M M M 
V V V M M M M M 
M M M M M M M M 
M M M M M M M M 
M M M M V V V M 
M M M V V V M M 
M M M M M M M M 
MEDIATOR: Tablero
M M V M M M M M 
V M M V M M M M 
V M M V M M M M 
M V M M M M M M 
M M M M M V M M 
M M M V M M V M 
M M M V M M V M 
M M M M V M M M 
MEDIATOR: Tablero
M M M M M M M M 
M V V V M M M M 
V V V M M M M M 
M M M M M M M M 
M M M M M M M M 
M M M M V V V M 
M M M V V V M M 
M M M M M M M M 
MEDIATOR: Tablero
M M V M M M M M 
V M M V M M M M 
V M M V M M M M 
M V M M M M M M 
M M M M M V M M 
M M M V M M V M 
M M M V M M V M 
M M M M V M M M 
MEDIATOR: Tablero
M M M M M M M M 
M V V V M M M M 
V V V M M M M M 
M M M M M M M M 
M M M M M M M M 
M M M M V V V M 
M M M V V V M M 
M M M M M M M M 
MEDIATOR: Tablero
M M V M M M M M 
V M M V M M M M 
V M M V M M M M 
M V M M M M M M 
M M M M M V M M 
M M M V M M V M 
M M M V M M V M 
M M M M V M M M 
MEDIATOR: Tablero
M M M M M M M M 
M V V V M M M M 
V V V M M M M M 
M M M M M M M M 
M M M M M M M M 
M M M M V V V M 
M M M V V V M M 
M M M M M M M M 
MEDIATOR: Tablero
M M V M M M M M 
V M M V M M M M 
V M M V M M M M 
M V M M M M M M 
M M M M M V M M 
M M M V M M V M 
M M M V M M V M 
M M M M V M M M 
MEDIATOR: Tablero
M M M M M M M M 
M V V V M M M M 
V V V M M M M M 
M M M M M M M M 
M M M M M M M M 
M M M M V V V M 
M M M V V V M M 
M M M M M M M M 
MEDIATOR: Tablero
M M V M M M M M 
V M M V M M M M 
V M M V M M M M 
M V M M M M M M 
M M M M M V M M 
M M M V M M V M 
M M M V M M V M 
M M M M V M M M 
MEDIATOR: Tablero
M M M M M M M M 
M V V V M M M M 
V V V M M M M M 
M M M M M M M M 
M M M M M M M M 
M M M M V V V M 
M M M V V V M M 
M M M M M M M M 
MEDIATOR: Tablero
M M V M M M M M 
V M M V M M M M 
V M M V M M M M 
M V M M M M M M 
M M M M M V M M 
M M M V M M V M 
M M M V M M V M 
M M M M V M M M 
MEDIATOR: Tablero
M M M M M M M M 
M V V V M M M M 
V V V M M M M M 
M M M M M M M M 
M M M M M M M M 
M M M M V V V M 
M M M V V V M M 
M M M M M M M M 
MEDIATOR: Tablero
M M V M M M M M 
V M M V M M M M 
V M M V M M M M 
M V M M M M M M 
M M M M M V M M 
M M M V M M V M 
M M M V M M V M 
M M M M V M M M 
MEDIATOR: Tablero
M M M M M M M M 
M V V V M M M M 
V V V M M M M M 
M M M M M M M M 
M M M M M M M M 
M M M M V V V M 
M M M V V V M M 
M M M M M M M M 
MEDIATOR: Tablero
M M V M M M M M 
V M M V M M M M 
V M M V M M M M 
M V M M M M M M 
M M M M M V M M 
M M M V M M V M 
M M M V M M V M 
M M M M V M M M 
MEDIATOR: Tablero
M M M M M M M M 
M V V V M M M M 
V V V M M M M M 
M M M M M M M M 
M M M M M M M M 
M M M M V V V M 
M M M V V V M M 
M M M M M M M M 
MEDIATOR: Tablero
M M V M M M M M 
V M M V M M M M 
V M M V M M M M 
M V M M M M M M 
M M M M M V M M 
M M M V M M V M 
M M M V M M V M 
M M M M V M M M 
MEDIATOR: Tablero
M M M M M M M M 
M V V V M M M M 
V V V M M M M M 
M M M M M M M M 
M M M M M M M M 
M M M M V V V M 
M M M V V V M M 
M M M M M M M M 
MEDIATOR: Tablero
M M V M M M M M 
V M M V M M M M 
V M M V M M M M 
M V M M M M M M 
M M M M M V M M 
M M M V M M V M 
M M M V M M V M 
M M M M V M M M 
MEDIATOR: Tablero
M M M M M M M M 
M V V V M M M M 
V V V M M M M M 
M M M M M M M M 
M M M M M M M M 
M M M M V V V M 
M M M V V V M M 
M M M M M M M M 
MEDIATOR: Tablero
M M V M M M M M 
V M M V M M M M 
V M M V M M M M 
M V M M M M M M 
M M M M M V M M 
M M M V M M V M 
M M M V M M V M 
M M M M V M M M 
MEDIATOR: Tablero
M M M M M M M M 
M V V V M M M M 
V V V M M M M M 
M M M M M M M M 
M M M M M M M M 
M M M M V V V M 
M M M V V V M M 
M M M M M M M M 
MEDIATOR: Tablero
M M V M M M M M 
V M M V M M M M 
V M M V M M M M 
M V M M M M M M 
M M M M M V M M 
M M M V M M V M 
M M M V M M V M 
M M M M V M M M 
MEDIATOR: Tablero
M M M M M M M M 
M V V V M M M M 
V V V M M M M M 
M M M M M M M M 
M M M M M M M M 
M M M M V V V M 
M M M V V V M M 
M M M M M M M M 
MEDIATOR: Tablero
M M V M M M M M 
V M M V M M M M 
V M M V M M M M 
M V M M M M M M 
M M M M M V M M 
M M M V M M V M 
M M M V M M V M 
M M M M V M M M 
MEDIATOR: Tablero
M M M M M M M M 
M V V V M M M M 
V V V M M M M M 
M M M M M M M M 
M M M M M M M M 
M M M M V V V M 
M M M V V V M M 
M M M M M M M M 
MEDIATOR: Tablero
M M V M M M M M 
V M M V M M M M 
V M M V M M M M 
M V M M M M M M 
M M M M M V M M 
M M M V M M V M 
M M M V M M V M 
M M M M V M M M 
MEDIATOR: Tablero
M M M M M M M M 
M V V V M M M M 
V V V M M M M M 
M M M M M M M M 
M M M M M M M M 
M M M M V V V M 
M M M V V V M M 
M M M M M M M M 
MEDIATOR: Tablero
M M V M M M M M 
V M M V M M M M 
V M M V M M M M 
M V M M M M M M 
M M M M M V M M 
M M M V M M V M 
M M M V M M V M 
M M M M V M M M 
MEDIATOR: Tablero
M M M M M M M M 
M V V V M M M M 
V V V M M M M M 
M M M M M M M M 
M M M M M M M M 
M M M M V V V M 
M M M V V V M M 
M M M M M M M M 
MEDIATOR: Tablero
M M V M M M M M 
V M M V M M M M 
V M M V M M M M 
M V M M M M M M 
M M M M M V M M 
M M M V M M V M 
M M M V M M V M 
M M M M V M M M 
MEDIATOR: Tablero
M M M M M M M M 
M V V V M M M M 
V V V M M M M M 
M M M M M M M M 
M M M M M M M M 
M M M M V V V M 
M M M V V V M M 
M M M M M M M M 
MEDIATOR: Tablero
M M V M M M M M 
V M M V M M M M 
V M M V M M M M 
M V M M M M M M 
M M M M M V M M 
M M M V M M V M 
M M M V M M V M 
M M M M V M M M 
MEDIATOR: Tablero
M M M M M M M M 
M V V V M M M M 
V V V M M M M M 
M M M M M M M M 
M M M M M M M M 
M M M M V V V M 
M M M V V V M M 
M M M M M M M M 
MEDIATOR: Tablero
M M V M M M M M 
V M M V M M M M 
V M M V M M M M 
M V M M M M M M 
M M M M M V M M 
M M M V M M V M 
M M M V M M V M 
M M M M V M M M 
MEDIATOR: Tablero
M M M M M M M M 
M V V V M M M M 
V V V M M M M M 
M M M M M M M M 
M M M M M M M M 
M M M M V V V M 
M M M V V V M M 
M M M M M M M M 
MEDIATOR: Tablero
M M V M M M M M 
V M M V M M M M 
V M M V M M M M 
M V M M M M M M 
M M M M M V M M 
M M M V M M V M 
M M M V M M V M 
M M M M V M M M 
MEDIATOR: Tablero
M M M M M M M M 
M V V V M M M M 
V V V M M M M M 
M M M M M M M M 
M M M M M M M M 
M M M M V V V M 
M M M V V V M M 
M M M M M M M M 
MEDIATOR: Tablero
M M V M M M M M 
V M M V M M M M 
V M M V M M M M 
M V M M M M M M 
M M M M M V M M 
M M M V M M V M 
M M M V M M V M 
M M M M V M M M 
MEDIATOR: Tablero
M M M M M M M M 
M V V V M M M M 
V V V M M M M M 
M M M M M M M M 
M M M M M M M M 
M M M M V V V M 
M M M V V V M M 
M M M M M M M M 
MEDIATOR: Tablero
M M V M M M M M 
V M M V M M M M 
V M M V M M M M 
M V M M M M M M 
M M M M M V M M 
M M M V M M V M 
M M M V M M V M 
M M M M V M M M 
MEDIATOR: Tablero
M M M M M M M M 
M V V V M M M M 
V V V M M M M M 
M M M M M M M M 
M M M M M M M M 
M M M M V V V M 
M M M V V V M M 
M M M M M M M M 
MEDIATOR: Tablero
M M V M M M M M 
V M M V M M M M 
V M M V M M M M 
M V M M M M M M 
M M M M M V M M 
M M M V M M V M 
M M M V M M V M 
M M M M V M M M 
MEDIATOR: Tablero
M M M M M M M M 
M V V V M M M M 
V V V M M M M M 
M M M M M M M M 
M M M M M M M M 
M M M M V V V M 
M M M V V V M M 
M M M M M M M M 
MEDIATOR: Tablero
M M V M M M M M 
V M M V M M M M 
V M M V M M M M 
M V M M M M M M 
M M M M M V M M 
M M M V M M V M 
M M M V M M V M 
M M M M V M M M 
MEDIATOR: Tablero
M M M M M M M M 
M V V V M M M M 
V V V M M M M M 
M M M M M M M M 
M M M M M M M M 
M M M M V V V M 
M M M V V V M M 
M M M M M M M M 
MEDIATOR: Tablero
M M V M M M M M 
V M M V M M M M 
V M M V M M M M 
M V M M M M M M 
M M M M M V M M 
M M M V M M V M 
M M M V M M V M 
M M M M V M M M 
